<?xml version="1.0" encoding="UTF-8"?>
<!-- Generated by org.testng.reporters.JUnitReportReporter -->
<testsuite hostname="Pratik" failures="0" tests="1" name="neoStoxTestClasses.ValidatesUserId" time="9.571" errors="0" timestamp="2022-12-09T17:05:46 IST" skipped="0">
  <testcase classname="neoStoxTestClasses.ValidatesUserId" name="ValidatesIDAndFunds" time="9.571"/>
  <system-out>
    <![CDATA[Validating user ID
Reading expAccName from Property File
Wait for 1000 ms
Validating ValidatesIDAndFunds , TC is passed...
Taking ValidatesIDAndFunds screenshot]]>
  </system-out>
</testsuite> <!-- neoStoxTestClasses.ValidatesUserId -->
