<?xml version="1.0" encoding="UTF-8"?>
<!-- Generated by org.testng.reporters.JUnitReportReporter -->
<testsuite hostname="Pratik" failures="0" tests="2" name="neoStoxTestClasses.validateBalAndAccID" time="18.914" errors="0" timestamp="2022-11-30T21:34:41 IST" skipped="0">
  <testcase classname="neoStoxTestClasses.validateBalAndAccID" name="validatesAcID" time="11.813"/>
  <system-out>
    <![CDATA[Validating user ID
Reading expAccName from Property File
Wait for 1000 ms
Validating validatesAcID , TC is passed...
Taking validatesAcID screenshot]]>
  </system-out>
  <testcase classname="neoStoxTestClasses.validateBalAndAccID" name="validatesAcBalance" time="7.101"/>
  <system-out>
    <![CDATA[Wait for 1000 ms
Current Account Balance is : A/c Balance: Rs.4,67,163.00
Validating validatesAcBalance , TC is passed...
Taking validatesAcBalance screenshot]]>
  </system-out>
</testsuite> <!-- neoStoxTestClasses.validateBalAndAccID -->
